<?xml version="1.0" encoding="UTF-8"?>
<testng-results skipped="0" failed="0" ignored="0" total="1" passed="1">
  <reporter-output>
  </reporter-output>
  <suite name="Suite" duration-ms="44477" started-at="2020-07-06T02:54:08Z" finished-at="2020-07-06T02:54:53Z">
    <groups>
    </groups>
    <test name="Test" duration-ms="44477" started-at="2020-07-06T02:54:08Z" finished-at="2020-07-06T02:54:53Z">
      <class name="Practice.PracticeTest.sampletest">
        <test-method status="PASS" signature="openbrowser()[pri:0, instance:Practice.PracticeTest.sampletest@709ba3fb]" name="openbrowser" is-config="true" duration-ms="16203" started-at="2020-07-06T02:54:08Z" finished-at="2020-07-06T02:54:24Z">
          <reporter-output>
          </reporter-output>
        </test-method> <!-- openbrowser -->
        <test-method status="PASS" signature="createsignin()[pri:0, instance:Practice.PracticeTest.sampletest@709ba3fb]" name="createsignin" duration-ms="27602" started-at="2020-07-06T02:54:24Z" finished-at="2020-07-06T02:54:52Z">
          <reporter-output>
          </reporter-output>
        </test-method> <!-- createsignin -->
        <test-method status="PASS" signature="close()[pri:0, instance:Practice.PracticeTest.sampletest@709ba3fb]" name="close" is-config="true" duration-ms="653" started-at="2020-07-06T02:54:52Z" finished-at="2020-07-06T02:54:53Z">
          <reporter-output>
          </reporter-output>
        </test-method> <!-- close -->
      </class> <!-- Practice.PracticeTest.sampletest -->
    </test> <!-- Test -->
  </suite> <!-- Suite -->
</testng-results>
