<?xml version="1.0" encoding="UTF-8"?>
<testng-results ignored="0" total="1" passed="1" failed="0" skipped="0">
  <reporter-output>
  </reporter-output>
  <suite started-at="2020-07-05T15:56:14Z" name="Suite" finished-at="2020-07-05T15:57:02Z" duration-ms="47814">
    <groups>
    </groups>
    <test started-at="2020-07-05T15:56:14Z" name="Test" finished-at="2020-07-05T15:57:02Z" duration-ms="47814">
      <class name="Practice.PracticeTest.sampletest">
        <test-method is-config="true" signature="openbrowser()[pri:0, instance:Practice.PracticeTest.sampletest@28b46423]" started-at="2020-07-05T15:56:14Z" name="openbrowser" finished-at="2020-07-05T15:56:32Z" duration-ms="17463" status="PASS">
          <reporter-output>
          </reporter-output>
        </test-method> <!-- openbrowser -->
        <test-method signature="createsignin()[pri:0, instance:Practice.PracticeTest.sampletest@28b46423]" started-at="2020-07-05T15:56:32Z" name="createsignin" finished-at="2020-07-05T15:57:01Z" duration-ms="29071" status="PASS">
          <reporter-output>
          </reporter-output>
        </test-method> <!-- createsignin -->
        <test-method is-config="true" signature="close()[pri:0, instance:Practice.PracticeTest.sampletest@28b46423]" started-at="2020-07-05T15:57:01Z" name="close" finished-at="2020-07-05T15:57:02Z" duration-ms="1192" status="PASS">
          <reporter-output>
          </reporter-output>
        </test-method> <!-- close -->
      </class> <!-- Practice.PracticeTest.sampletest -->
    </test> <!-- Test -->
  </suite> <!-- Suite -->
</testng-results>
